2019-01-19 16:48:23,609 INFO o.a.j.u.JMeterUtils: Setting Locale to it_IT
2019-01-19 16:48:23,690 ERROR o.a.j.u.JMeterUtils: Could not find resources for 'it_IT'
2019-01-19 16:48:23,691 INFO o.a.j.JMeter: Loading user properties from: /home/kraugher/Scrivania/IE/Homwork IE 18-19/3/design/tools/apache-jmeter-5.0/bin/user.properties
2019-01-19 16:48:23,692 INFO o.a.j.JMeter: Loading system properties from: /home/kraugher/Scrivania/IE/Homwork IE 18-19/3/design/tools/apache-jmeter-5.0/bin/system.properties
2019-01-19 16:48:23,724 INFO o.a.j.JMeter: Copyright (c) 1998-2018 The Apache Software Foundation
2019-01-19 16:48:23,724 INFO o.a.j.JMeter: Version 5.0 r1840935
2019-01-19 16:48:23,724 INFO o.a.j.JMeter: java.version=10.0.2
2019-01-19 16:48:23,725 INFO o.a.j.JMeter: java.vm.name=OpenJDK 64-Bit Server VM
2019-01-19 16:48:23,725 INFO o.a.j.JMeter: os.name=Linux
2019-01-19 16:48:23,725 INFO o.a.j.JMeter: os.arch=amd64
2019-01-19 16:48:23,725 INFO o.a.j.JMeter: os.version=4.15.0-43-generic
2019-01-19 16:48:23,725 INFO o.a.j.JMeter: file.encoding=UTF-8
2019-01-19 16:48:23,725 INFO o.a.j.JMeter: Max memory     =1010827264
2019-01-19 16:48:23,725 INFO o.a.j.JMeter: Available Processors =4
2019-01-19 16:48:23,756 INFO o.a.j.JMeter: Default Locale=italiano (Italia)
2019-01-19 16:48:23,757 INFO o.a.j.JMeter: JMeter  Locale=italiano (Italia)
2019-01-19 16:48:23,757 INFO o.a.j.JMeter: JMeterHome=/home/kraugher/Scrivania/IE/Homwork IE 18-19/3/design/tools/apache-jmeter-5.0
2019-01-19 16:48:23,757 INFO o.a.j.JMeter: user.dir  =/home/kraugher/Scrivania/IE/Homwork IE 18-19/3/design/tools
2019-01-19 16:48:23,757 INFO o.a.j.JMeter: PWD       =/home/kraugher/Scrivania/IE/Homwork IE 18-19/3/design/tools
2019-01-19 16:48:23,758 INFO o.a.j.JMeter: IP: 127.0.1.1 Name: Jarvis FullName: Jarvis
2019-01-19 16:48:24,859 INFO o.a.j.g.a.LookAndFeelCommand: Installing Darcula LAF
2019-01-19 16:48:25,021 INFO o.a.j.g.a.LookAndFeelCommand: Using look and feel: com.bulenkov.darcula.DarculaLaf [Darcula]
2019-01-19 16:48:25,022 INFO o.a.j.JMeter: Setting LAF to: com.bulenkov.darcula.DarculaLaf
2019-01-19 16:48:25,214 INFO o.a.j.JMeter: Loaded icon properties from org/apache/jmeter/images/icon.properties
2019-01-19 16:48:25,968 INFO o.a.j.e.u.CompoundVariable: Note: Function class names must contain the string: '.functions.'
2019-01-19 16:48:25,968 INFO o.a.j.e.u.CompoundVariable: Note: Function class names must not contain the string: '.gui.'
2019-01-19 16:48:30,670 INFO o.a.j.p.h.s.HTTPSamplerBase: Parser for text/html is org.apache.jmeter.protocol.http.parser.LagartoBasedHtmlParser
2019-01-19 16:48:30,672 INFO o.a.j.p.h.s.HTTPSamplerBase: Parser for application/xhtml+xml is org.apache.jmeter.protocol.http.parser.LagartoBasedHtmlParser
2019-01-19 16:48:30,672 INFO o.a.j.p.h.s.HTTPSamplerBase: Parser for application/xml is org.apache.jmeter.protocol.http.parser.LagartoBasedHtmlParser
2019-01-19 16:48:30,672 INFO o.a.j.p.h.s.HTTPSamplerBase: Parser for text/xml is org.apache.jmeter.protocol.http.parser.LagartoBasedHtmlParser
2019-01-19 16:48:30,672 INFO o.a.j.p.h.s.HTTPSamplerBase: Parser for text/vnd.wap.wml is org.apache.jmeter.protocol.http.parser.RegexpHTMLParser
2019-01-19 16:48:30,673 INFO o.a.j.p.h.s.HTTPSamplerBase: Parser for text/css is org.apache.jmeter.protocol.http.parser.CssParser
2019-01-19 16:48:32,445 INFO o.a.j.e.KeyToolUtils: keytool found at 'keytool'
2019-01-19 16:48:32,445 INFO o.a.j.p.h.p.ProxyControl: HTTP(S) Test Script Recorder SSL Proxy will use keys that support embedded 3rd party resources in file /home/kraugher/Scrivania/IE/Homwork IE 18-19/3/design/tools/apache-jmeter-5.0/bin/proxyserver.jks
2019-01-19 16:48:32,665 INFO o.a.j.s.FileServer: Default base='/home/kraugher/Scrivania/IE/Homwork IE 18-19/3/design/tools'
2019-01-19 16:48:33,366 INFO o.a.j.s.SampleResult: Note: Sample TimeStamps are START times
2019-01-19 16:48:33,366 INFO o.a.j.s.SampleResult: sampleresult.default.encoding is set to ISO-8859-1
2019-01-19 16:48:33,367 INFO o.a.j.s.SampleResult: sampleresult.useNanoTime=true
2019-01-19 16:48:33,367 INFO o.a.j.s.SampleResult: sampleresult.nanoThreadSleep=5000
2019-01-19 16:48:33,393 WARN o.a.j.v.ViewResultsFullVisualizer: Error loading result renderer: org.apache.jmeter.visualizers.RenderInBrowser
java.lang.NoClassDefFoundError: javafx/embed/swing/JFXPanel
	at java.lang.Class.forName0(Native Method) ~[?:?]
	at java.lang.Class.forName(Class.java:291) ~[?:?]
	at org.apache.jmeter.visualizers.ViewResultsFullVisualizer.createComboRender(ViewResultsFullVisualizer.java:462) [ApacheJMeter_components.jar:5.0 r1840935]
	at org.apache.jmeter.visualizers.ViewResultsFullVisualizer.createLeftPanel(ViewResultsFullVisualizer.java:430) [ApacheJMeter_components.jar:5.0 r1840935]
	at org.apache.jmeter.visualizers.ViewResultsFullVisualizer.init(ViewResultsFullVisualizer.java:342) [ApacheJMeter_components.jar:5.0 r1840935]
	at org.apache.jmeter.visualizers.ViewResultsFullVisualizer.<init>(ViewResultsFullVisualizer.java:147) [ApacheJMeter_components.jar:5.0 r1840935]
	at jdk.internal.reflect.NativeConstructorAccessorImpl.newInstance0(Native Method) ~[?:?]
	at jdk.internal.reflect.NativeConstructorAccessorImpl.newInstance(NativeConstructorAccessorImpl.java:62) ~[?:?]
	at jdk.internal.reflect.DelegatingConstructorAccessorImpl.newInstance(DelegatingConstructorAccessorImpl.java:45) ~[?:?]
	at java.lang.reflect.Constructor.newInstance(Constructor.java:488) ~[?:?]
	at java.lang.Class.newInstance(Class.java:560) [?:?]
	at org.apache.jmeter.gui.util.MenuFactory.getGUIComponent(MenuFactory.java:174) [ApacheJMeter_core.jar:5.0 r1840935]
	at org.apache.jmeter.gui.util.MenuFactory.initializeMenus(MenuFactory.java:141) [ApacheJMeter_core.jar:5.0 r1840935]
	at org.apache.jmeter.gui.util.MenuFactory.<clinit>(MenuFactory.java:106) [ApacheJMeter_core.jar:5.0 r1840935]
	at org.apache.jmeter.control.gui.TestPlanGui.createPopupMenu(TestPlanGui.java:92) [ApacheJMeter_core.jar:5.0 r1840935]
	at org.apache.jmeter.gui.tree.JMeterTreeNode.createPopupMenu(JMeterTreeNode.java:184) [ApacheJMeter_core.jar:5.0 r1840935]
	at org.apache.jmeter.gui.action.EditCommand.doAction(EditCommand.java:46) [ApacheJMeter_core.jar:5.0 r1840935]
	at org.apache.jmeter.gui.action.ActionRouter.performAction(ActionRouter.java:88) [ApacheJMeter_core.jar:5.0 r1840935]
	at org.apache.jmeter.gui.action.ActionRouter.lambda$actionPerformed$0(ActionRouter.java:70) [ApacheJMeter_core.jar:5.0 r1840935]
	at java.awt.event.InvocationEvent.dispatch(InvocationEvent.java:313) [?:?]
	at java.awt.EventQueue.dispatchEventImpl(EventQueue.java:770) [?:?]
	at java.awt.EventQueue.access$600(EventQueue.java:97) [?:?]
	at java.awt.EventQueue$4.run(EventQueue.java:721) [?:?]
	at java.awt.EventQueue$4.run(EventQueue.java:715) [?:?]
	at java.security.AccessController.doPrivileged(Native Method) [?:?]
	at java.security.ProtectionDomain$JavaSecurityAccessImpl.doIntersectionPrivilege(ProtectionDomain.java:87) [?:?]
	at java.awt.EventQueue.dispatchEvent(EventQueue.java:740) [?:?]
	at java.awt.EventDispatchThread.pumpOneEventForFilters(EventDispatchThread.java:203) [?:?]
	at java.awt.EventDispatchThread.pumpEventsForFilter(EventDispatchThread.java:124) [?:?]
	at java.awt.EventDispatchThread.pumpEventsForHierarchy(EventDispatchThread.java:113) [?:?]
	at java.awt.EventDispatchThread.pumpEvents(EventDispatchThread.java:109) [?:?]
	at java.awt.EventDispatchThread.pumpEvents(EventDispatchThread.java:101) [?:?]
	at java.awt.EventDispatchThread.run(EventDispatchThread.java:90) [?:?]
Caused by: java.lang.ClassNotFoundException: javafx.embed.swing.JFXPanel
	at java.net.URLClassLoader.findClass(URLClassLoader.java:466) ~[?:?]
	at java.lang.ClassLoader.loadClass(ClassLoader.java:566) ~[?:?]
	at java.lang.ClassLoader.loadClass(ClassLoader.java:499) ~[?:?]
	... 33 more
2019-01-19 16:50:18,584 INFO o.a.j.g.a.Load: Loading file: /home/kraugher/Scrivania/IE/Homwork IE 18-19/3/design/tools/HTTP Request.jmx
2019-01-19 16:50:18,584 INFO o.a.j.s.FileServer: Set new base='/home/kraugher/Scrivania/IE/Homwork IE 18-19/3/design/tools'
2019-01-19 16:50:18,832 INFO o.a.j.s.SaveService: Testplan (JMX) version: 2.2. Testlog (JTL) version: 2.2
2019-01-19 16:50:18,846 INFO o.a.j.s.SaveService: Using SaveService properties version 5.0
2019-01-19 16:50:18,849 INFO o.a.j.s.SaveService: Using SaveService properties file encoding UTF-8
2019-01-19 16:50:18,852 INFO o.a.j.s.SaveService: Loading file: /home/kraugher/Scrivania/IE/Homwork IE 18-19/3/design/tools/HTTP Request.jmx
2019-01-19 16:50:18,907 INFO o.a.j.s.FileServer: Set new base='/home/kraugher/Scrivania/IE/Homwork IE 18-19/3/design/tools'
2019-01-19 16:50:33,357 INFO o.a.j.e.StandardJMeterEngine: Running the test!
2019-01-19 16:50:33,360 INFO o.a.j.s.SampleEvent: List of sample_variables: []
2019-01-19 16:50:33,361 INFO o.a.j.s.SampleEvent: List of sample_variables: []
2019-01-19 16:50:33,369 INFO o.a.j.g.u.JMeterMenuBar: setRunning(true, *local*)
2019-01-19 16:50:33,413 INFO o.a.j.e.StandardJMeterEngine: Starting ThreadGroup: 1 : Thread Group
2019-01-19 16:50:33,414 INFO o.a.j.e.StandardJMeterEngine: Starting 30 threads for group Thread Group.
2019-01-19 16:50:33,414 INFO o.a.j.e.StandardJMeterEngine: Thread will continue on error
2019-01-19 16:50:33,414 INFO o.a.j.t.ThreadGroup: Starting thread group... number=1 threads=30 ramp-up=0 perThread=0.0 delayedStart=false
2019-01-19 16:50:33,458 INFO o.a.j.t.JMeterThread: Thread started: Thread Group 1-5
2019-01-19 16:50:33,460 INFO o.a.j.t.JMeterThread: Thread started: Thread Group 1-2
2019-01-19 16:50:33,466 INFO o.a.j.t.JMeterThread: Thread started: Thread Group 1-3
2019-01-19 16:50:33,466 INFO o.a.j.t.JMeterThread: Thread started: Thread Group 1-4
2019-01-19 16:50:33,465 INFO o.a.j.t.JMeterThread: Thread started: Thread Group 1-1
2019-01-19 16:50:33,499 INFO o.a.j.t.JMeterThread: Thread started: Thread Group 1-7
2019-01-19 16:50:33,499 INFO o.a.j.t.JMeterThread: Thread started: Thread Group 1-6
2019-01-19 16:50:33,520 INFO o.a.j.t.JMeterThread: Thread started: Thread Group 1-8
2019-01-19 16:50:33,520 INFO o.a.j.t.JMeterThread: Thread started: Thread Group 1-11
2019-01-19 16:50:33,520 INFO o.a.j.t.JMeterThread: Thread started: Thread Group 1-10
2019-01-19 16:50:33,521 INFO o.a.j.t.JMeterThread: Thread started: Thread Group 1-13
2019-01-19 16:50:33,520 INFO o.a.j.t.JMeterThread: Thread started: Thread Group 1-9
2019-01-19 16:50:33,522 INFO o.a.j.t.JMeterThread: Thread started: Thread Group 1-12
2019-01-19 16:50:33,521 INFO o.a.j.t.JMeterThread: Thread started: Thread Group 1-15
2019-01-19 16:50:33,530 INFO o.a.j.t.JMeterThread: Thread started: Thread Group 1-17
2019-01-19 16:50:33,535 INFO o.a.j.t.JMeterThread: Thread started: Thread Group 1-18
2019-01-19 16:50:33,536 INFO o.a.j.t.JMeterThread: Thread started: Thread Group 1-14
2019-01-19 16:50:33,537 INFO o.a.j.t.JMeterThread: Thread started: Thread Group 1-19
2019-01-19 16:50:33,541 INFO o.a.j.t.JMeterThread: Thread started: Thread Group 1-20
2019-01-19 16:50:33,547 INFO o.a.j.t.JMeterThread: Thread started: Thread Group 1-16
2019-01-19 16:50:33,548 INFO o.a.j.t.JMeterThread: Thread started: Thread Group 1-21
2019-01-19 16:50:33,546 INFO o.a.j.t.JMeterThread: Thread started: Thread Group 1-22
2019-01-19 16:50:33,561 INFO o.a.j.t.JMeterThread: Thread started: Thread Group 1-24
2019-01-19 16:50:33,562 INFO o.a.j.p.h.s.HTTPHCAbstractImpl: Local host = Jarvis
2019-01-19 16:50:33,568 INFO o.a.j.t.JMeterThread: Thread started: Thread Group 1-25
2019-01-19 16:50:33,549 INFO o.a.j.t.JMeterThread: Thread started: Thread Group 1-23
2019-01-19 16:50:33,582 INFO o.a.j.t.JMeterThread: Thread started: Thread Group 1-26
2019-01-19 16:50:33,587 INFO o.a.j.t.JMeterThread: Thread started: Thread Group 1-27
2019-01-19 16:50:33,602 INFO o.a.j.t.JMeterThread: Thread started: Thread Group 1-29
2019-01-19 16:50:33,601 INFO o.a.j.p.h.s.HTTPHC4Impl: HTTP request retry count = 0
2019-01-19 16:50:33,601 INFO o.a.j.t.JMeterThread: Thread started: Thread Group 1-28
2019-01-19 16:50:33,609 INFO o.a.j.t.ThreadGroup: Started thread group number 1
2019-01-19 16:50:33,610 INFO o.a.j.e.StandardJMeterEngine: All thread groups have been started
2019-01-19 16:50:33,611 INFO o.a.j.t.JMeterThread: Thread started: Thread Group 1-30
2019-01-19 16:50:33,786 INFO o.a.j.u.JsseSSLManager: Using default SSL protocol: TLS
2019-01-19 16:50:33,786 INFO o.a.j.u.JsseSSLManager: SSL session context: per-thread
2019-01-19 16:51:24,079 INFO o.a.j.g.a.Start: Stopping test
2019-01-19 16:51:24,134 INFO o.a.j.t.JMeterThread: Stopping: Thread Group 1-20
2019-01-19 16:51:24,135 INFO o.a.j.t.JMeterThread: Stopping: Thread Group 1-26
2019-01-19 16:51:24,136 INFO o.a.j.t.JMeterThread: Stopping: Thread Group 1-12
2019-01-19 16:51:24,136 INFO o.a.j.t.JMeterThread: Stopping: Thread Group 1-27
2019-01-19 16:51:24,136 INFO o.a.j.t.JMeterThread: Stopping: Thread Group 1-13
2019-01-19 16:51:24,136 INFO o.a.j.t.JMeterThread: Stopping: Thread Group 1-15
2019-01-19 16:51:24,136 INFO o.a.j.t.JMeterThread: Stopping: Thread Group 1-7
2019-01-19 16:51:24,137 INFO o.a.j.t.JMeterThread: Stopping: Thread Group 1-1
2019-01-19 16:51:24,137 INFO o.a.j.t.JMeterThread: Stopping: Thread Group 1-2
2019-01-19 16:51:24,137 INFO o.a.j.t.JMeterThread: Stopping: Thread Group 1-30
2019-01-19 16:51:24,137 INFO o.a.j.t.JMeterThread: Stopping: Thread Group 1-22
2019-01-19 16:51:24,137 INFO o.a.j.t.JMeterThread: Stopping: Thread Group 1-11
2019-01-19 16:51:24,137 INFO o.a.j.t.JMeterThread: Stopping: Thread Group 1-8
2019-01-19 16:51:24,138 INFO o.a.j.t.JMeterThread: Stopping: Thread Group 1-17
2019-01-19 16:51:24,138 INFO o.a.j.t.JMeterThread: Stopping: Thread Group 1-18
2019-01-19 16:51:24,138 INFO o.a.j.t.JMeterThread: Stopping: Thread Group 1-4
2019-01-19 16:51:24,138 INFO o.a.j.t.JMeterThread: Stopping: Thread Group 1-9
2019-01-19 16:51:24,138 INFO o.a.j.t.JMeterThread: Stopping: Thread Group 1-23
2019-01-19 16:51:24,138 INFO o.a.j.t.JMeterThread: Stopping: Thread Group 1-10
2019-01-19 16:51:24,139 INFO o.a.j.t.JMeterThread: Stopping: Thread Group 1-3
2019-01-19 16:51:24,139 INFO o.a.j.t.JMeterThread: Stopping: Thread Group 1-16
2019-01-19 16:51:24,139 INFO o.a.j.t.JMeterThread: Stopping: Thread Group 1-25
2019-01-19 16:51:24,139 INFO o.a.j.t.JMeterThread: Stopping: Thread Group 1-6
2019-01-19 16:51:24,139 INFO o.a.j.t.JMeterThread: Stopping: Thread Group 1-24
2019-01-19 16:51:24,139 INFO o.a.j.t.JMeterThread: Stopping: Thread Group 1-28
2019-01-19 16:51:24,139 INFO o.a.j.t.JMeterThread: Stopping: Thread Group 1-19
2019-01-19 16:51:24,140 INFO o.a.j.t.JMeterThread: Stopping: Thread Group 1-5
2019-01-19 16:51:24,140 INFO o.a.j.t.JMeterThread: Stopping: Thread Group 1-29
2019-01-19 16:51:24,140 INFO o.a.j.t.JMeterThread: Stopping: Thread Group 1-14
2019-01-19 16:51:24,140 INFO o.a.j.t.JMeterThread: Thread finished: Thread Group 1-29
2019-01-19 16:51:24,140 INFO o.a.j.t.JMeterThread: Thread finished: Thread Group 1-19
2019-01-19 16:51:24,140 INFO o.a.j.t.JMeterThread: Thread finished: Thread Group 1-14
2019-01-19 16:51:24,141 INFO o.a.j.t.JMeterThread: Stopping: Thread Group 1-21
2019-01-19 16:51:24,144 INFO o.a.j.t.JMeterThread: Thread finished: Thread Group 1-13
2019-01-19 16:51:24,144 INFO o.a.j.t.JMeterThread: Thread finished: Thread Group 1-28
2019-01-19 16:51:24,144 INFO o.a.j.t.JMeterThread: Thread finished: Thread Group 1-24
2019-01-19 16:51:24,144 INFO o.a.j.t.JMeterThread: Thread finished: Thread Group 1-6
2019-01-19 16:51:24,144 INFO o.a.j.t.JMeterThread: Thread finished: Thread Group 1-23
2019-01-19 16:51:24,145 INFO o.a.j.t.JMeterThread: Thread finished: Thread Group 1-9
2019-01-19 16:51:24,144 INFO o.a.j.t.JMeterThread: Thread finished: Thread Group 1-16
2019-01-19 16:51:24,144 INFO o.a.j.t.JMeterThread: Thread finished: Thread Group 1-25
2019-01-19 16:51:24,145 INFO o.a.j.t.JMeterThread: Thread finished: Thread Group 1-3
2019-01-19 16:51:24,146 INFO o.a.j.t.JMeterThread: Thread finished: Thread Group 1-11
2019-01-19 16:51:24,146 INFO o.a.j.t.JMeterThread: Thread finished: Thread Group 1-2
2019-01-19 16:51:24,147 INFO o.a.j.t.JMeterThread: Thread finished: Thread Group 1-1
2019-01-19 16:51:24,148 INFO o.a.j.t.JMeterThread: Thread finished: Thread Group 1-27
2019-01-19 16:51:24,148 INFO o.a.j.t.JMeterThread: Thread finished: Thread Group 1-12
2019-01-19 16:51:24,149 INFO o.a.j.t.JMeterThread: Thread finished: Thread Group 1-18
2019-01-19 16:51:24,149 INFO o.a.j.t.JMeterThread: Thread finished: Thread Group 1-26
2019-01-19 16:51:24,150 INFO o.a.j.t.JMeterThread: Thread finished: Thread Group 1-8
2019-01-19 16:51:24,151 INFO o.a.j.t.JMeterThread: Thread finished: Thread Group 1-30
2019-01-19 16:51:24,151 INFO o.a.j.t.JMeterThread: Thread finished: Thread Group 1-17
2019-01-19 16:51:24,151 INFO o.a.j.t.JMeterThread: Thread finished: Thread Group 1-7
2019-01-19 16:51:24,151 INFO o.a.j.t.JMeterThread: Thread finished: Thread Group 1-21
2019-01-19 16:51:24,152 INFO o.a.j.t.JMeterThread: Thread finished: Thread Group 1-15
2019-01-19 16:51:24,152 INFO o.a.j.t.JMeterThread: Thread finished: Thread Group 1-10
2019-01-19 16:51:24,152 INFO o.a.j.t.JMeterThread: Thread finished: Thread Group 1-22
2019-01-19 16:51:24,152 INFO o.a.j.t.JMeterThread: Thread finished: Thread Group 1-4
2019-01-19 16:51:24,154 INFO o.a.j.t.JMeterThread: Thread finished: Thread Group 1-20
2019-01-19 16:51:24,154 INFO o.a.j.t.JMeterThread: Thread finished: Thread Group 1-5
2019-01-19 16:51:24,155 INFO o.a.j.e.StandardJMeterEngine: Notifying test listeners of end of test
2019-01-19 16:51:24,156 INFO o.a.j.g.u.JMeterMenuBar: setRunning(false, *local*)
2019-01-19 16:51:29,579 INFO o.a.j.e.StandardJMeterEngine: Running the test!
2019-01-19 16:51:29,580 INFO o.a.j.s.SampleEvent: List of sample_variables: []
2019-01-19 16:51:29,596 INFO o.a.j.g.u.JMeterMenuBar: setRunning(true, *local*)
2019-01-19 16:51:29,759 INFO o.a.j.e.StandardJMeterEngine: Starting ThreadGroup: 1 : Thread Group
2019-01-19 16:51:29,760 INFO o.a.j.e.StandardJMeterEngine: Starting 30 threads for group Thread Group.
2019-01-19 16:51:29,760 INFO o.a.j.e.StandardJMeterEngine: Thread will continue on error
2019-01-19 16:51:29,761 INFO o.a.j.t.ThreadGroup: Starting thread group... number=1 threads=30 ramp-up=0 perThread=0.0 delayedStart=false
2019-01-19 16:51:29,764 INFO o.a.j.t.JMeterThread: Thread started: Thread Group 1-1
2019-01-19 16:51:29,765 INFO o.a.j.t.JMeterThread: Thread started: Thread Group 1-2
2019-01-19 16:51:29,769 INFO o.a.j.t.JMeterThread: Thread started: Thread Group 1-3
2019-01-19 16:51:29,772 INFO o.a.j.t.JMeterThread: Thread started: Thread Group 1-4
2019-01-19 16:51:29,773 INFO o.a.j.t.JMeterThread: Thread started: Thread Group 1-5
2019-01-19 16:51:29,776 INFO o.a.j.t.JMeterThread: Thread started: Thread Group 1-6
2019-01-19 16:51:29,779 INFO o.a.j.t.JMeterThread: Thread started: Thread Group 1-7
2019-01-19 16:51:29,785 INFO o.a.j.t.JMeterThread: Thread started: Thread Group 1-8
2019-01-19 16:51:29,787 INFO o.a.j.t.JMeterThread: Thread started: Thread Group 1-9
2019-01-19 16:51:29,790 INFO o.a.j.t.JMeterThread: Thread started: Thread Group 1-10
2019-01-19 16:51:29,793 INFO o.a.j.t.JMeterThread: Thread started: Thread Group 1-11
2019-01-19 16:51:29,793 INFO o.a.j.t.JMeterThread: Thread started: Thread Group 1-12
2019-01-19 16:51:29,795 INFO o.a.j.t.JMeterThread: Thread started: Thread Group 1-13
2019-01-19 16:51:29,797 INFO o.a.j.t.JMeterThread: Thread started: Thread Group 1-14
2019-01-19 16:51:29,798 INFO o.a.j.t.JMeterThread: Thread started: Thread Group 1-15
2019-01-19 16:51:29,804 INFO o.a.j.t.JMeterThread: Thread started: Thread Group 1-16
2019-01-19 16:51:29,807 INFO o.a.j.t.JMeterThread: Thread started: Thread Group 1-17
2019-01-19 16:51:29,810 INFO o.a.j.t.JMeterThread: Thread started: Thread Group 1-18
2019-01-19 16:51:29,813 INFO o.a.j.t.JMeterThread: Thread started: Thread Group 1-19
2019-01-19 16:51:29,826 INFO o.a.j.t.JMeterThread: Thread started: Thread Group 1-21
2019-01-19 16:51:29,828 INFO o.a.j.t.JMeterThread: Thread started: Thread Group 1-20
2019-01-19 16:51:29,830 INFO o.a.j.t.JMeterThread: Thread started: Thread Group 1-23
2019-01-19 16:51:29,831 INFO o.a.j.t.JMeterThread: Thread started: Thread Group 1-24
2019-01-19 16:51:29,830 INFO o.a.j.t.JMeterThread: Thread started: Thread Group 1-22
2019-01-19 16:51:29,835 INFO o.a.j.t.JMeterThread: Thread started: Thread Group 1-25
2019-01-19 16:51:29,838 INFO o.a.j.t.JMeterThread: Thread started: Thread Group 1-26
2019-01-19 16:51:29,842 INFO o.a.j.t.JMeterThread: Thread started: Thread Group 1-27
2019-01-19 16:51:29,845 INFO o.a.j.t.JMeterThread: Thread started: Thread Group 1-28
2019-01-19 16:51:29,848 INFO o.a.j.t.JMeterThread: Thread started: Thread Group 1-29
2019-01-19 16:51:29,852 INFO o.a.j.t.ThreadGroup: Started thread group number 1
2019-01-19 16:51:29,852 INFO o.a.j.e.StandardJMeterEngine: All thread groups have been started
2019-01-19 16:51:29,852 INFO o.a.j.t.JMeterThread: Thread started: Thread Group 1-30
2019-01-19 16:56:24,071 INFO o.a.j.g.a.Start: Stopping test
2019-01-19 16:56:24,080 INFO o.a.j.t.JMeterThread: Stopping: Thread Group 1-3
2019-01-19 16:56:24,081 WARN o.a.j.t.JMeterThread: Interrupting: Thread Group 1-3 sampler: HTTP Request
2019-01-19 16:56:24,082 INFO o.a.j.t.JMeterThread: Stopping: Thread Group 1-18
2019-01-19 16:56:24,082 WARN o.a.j.t.JMeterThread: Interrupting: Thread Group 1-18 sampler: HTTP Request
2019-01-19 16:56:24,086 INFO o.a.j.t.JMeterThread: Stopping: Thread Group 1-28
2019-01-19 16:56:24,089 WARN o.a.j.t.JMeterThread: Interrupting: Thread Group 1-28 sampler: HTTP Request
2019-01-19 16:56:24,090 INFO o.a.j.t.JMeterThread: Thread finished: Thread Group 1-18
2019-01-19 16:56:24,091 INFO o.a.j.t.JMeterThread: Thread finished: Thread Group 1-3
2019-01-19 16:56:24,092 INFO o.a.j.t.JMeterThread: Stopping: Thread Group 1-29
2019-01-19 16:56:24,092 WARN o.a.j.t.JMeterThread: Interrupting: Thread Group 1-29 sampler: HTTP Request
2019-01-19 16:56:24,093 INFO o.a.j.t.JMeterThread: Thread finished: Thread Group 1-28
2019-01-19 16:56:24,094 INFO o.a.j.t.JMeterThread: Stopping: Thread Group 1-11
2019-01-19 16:56:24,094 WARN o.a.j.t.JMeterThread: Interrupting: Thread Group 1-11 sampler: HTTP Request
2019-01-19 16:56:24,095 INFO o.a.j.t.JMeterThread: Thread finished: Thread Group 1-29
2019-01-19 16:56:24,096 INFO o.a.j.t.JMeterThread: Stopping: Thread Group 1-22
2019-01-19 16:56:24,096 WARN o.a.j.t.JMeterThread: Interrupting: Thread Group 1-22 sampler: HTTP Request
2019-01-19 16:56:24,097 INFO o.a.j.t.JMeterThread: Thread finished: Thread Group 1-11
2019-01-19 16:56:24,100 INFO o.a.j.t.JMeterThread: Stopping: Thread Group 1-27
2019-01-19 16:56:24,100 WARN o.a.j.t.JMeterThread: Interrupting: Thread Group 1-27 sampler: HTTP Request
2019-01-19 16:56:24,100 INFO o.a.j.t.JMeterThread: Thread finished: Thread Group 1-22
2019-01-19 16:56:24,101 INFO o.a.j.t.JMeterThread: Stopping: Thread Group 1-25
2019-01-19 16:56:24,102 WARN o.a.j.t.JMeterThread: Interrupting: Thread Group 1-25 sampler: HTTP Request
2019-01-19 16:56:24,102 INFO o.a.j.t.JMeterThread: Thread finished: Thread Group 1-27
2019-01-19 16:56:24,108 INFO o.a.j.t.JMeterThread: Stopping: Thread Group 1-7
2019-01-19 16:56:24,108 WARN o.a.j.t.JMeterThread: Interrupting: Thread Group 1-7 sampler: HTTP Request
2019-01-19 16:56:24,109 INFO o.a.j.t.JMeterThread: Thread finished: Thread Group 1-25
2019-01-19 16:56:24,112 INFO o.a.j.t.JMeterThread: Stopping: Thread Group 1-10
2019-01-19 16:56:24,112 WARN o.a.j.t.JMeterThread: Interrupting: Thread Group 1-10 sampler: HTTP Request
2019-01-19 16:56:24,113 INFO o.a.j.t.JMeterThread: Thread finished: Thread Group 1-7
2019-01-19 16:56:24,113 INFO o.a.j.t.JMeterThread: Stopping: Thread Group 1-24
2019-01-19 16:56:24,114 WARN o.a.j.t.JMeterThread: Interrupting: Thread Group 1-24 sampler: HTTP Request
2019-01-19 16:56:24,114 INFO o.a.j.t.JMeterThread: Thread finished: Thread Group 1-10
2019-01-19 16:56:24,115 INFO o.a.j.t.JMeterThread: Stopping: Thread Group 1-8
2019-01-19 16:56:24,115 WARN o.a.j.t.JMeterThread: Interrupting: Thread Group 1-8 sampler: HTTP Request
2019-01-19 16:56:24,116 INFO o.a.j.t.JMeterThread: Thread finished: Thread Group 1-24
2019-01-19 16:56:24,117 INFO o.a.j.t.JMeterThread: Stopping: Thread Group 1-13
2019-01-19 16:56:24,117 WARN o.a.j.t.JMeterThread: Interrupting: Thread Group 1-13 sampler: HTTP Request
2019-01-19 16:56:24,118 INFO o.a.j.t.JMeterThread: Stopping: Thread Group 1-19
2019-01-19 16:56:24,118 WARN o.a.j.t.JMeterThread: Interrupting: Thread Group 1-19 sampler: HTTP Request
2019-01-19 16:56:24,118 INFO o.a.j.t.JMeterThread: Thread finished: Thread Group 1-13
2019-01-19 16:56:24,118 INFO o.a.j.t.JMeterThread: Thread finished: Thread Group 1-8
2019-01-19 16:56:24,121 INFO o.a.j.t.JMeterThread: Thread finished: Thread Group 1-19
2019-01-19 16:56:24,121 INFO o.a.j.t.JMeterThread: Stopping: Thread Group 1-20
2019-01-19 16:56:24,122 WARN o.a.j.t.JMeterThread: Interrupting: Thread Group 1-20 sampler: HTTP Request
2019-01-19 16:56:24,130 INFO o.a.j.t.JMeterThread: Thread finished: Thread Group 1-20
2019-01-19 16:56:24,131 INFO o.a.j.t.JMeterThread: Stopping: Thread Group 1-17
2019-01-19 16:56:24,131 WARN o.a.j.t.JMeterThread: Interrupting: Thread Group 1-17 sampler: HTTP Request
2019-01-19 16:56:24,132 INFO o.a.j.t.JMeterThread: Thread finished: Thread Group 1-17
2019-01-19 16:56:24,133 INFO o.a.j.t.JMeterThread: Stopping: Thread Group 1-21
2019-01-19 16:56:24,134 WARN o.a.j.t.JMeterThread: Interrupting: Thread Group 1-21 sampler: HTTP Request
2019-01-19 16:56:24,135 INFO o.a.j.t.JMeterThread: Stopping: Thread Group 1-9
2019-01-19 16:56:24,136 WARN o.a.j.t.JMeterThread: Interrupting: Thread Group 1-9 sampler: HTTP Request
2019-01-19 16:56:24,136 INFO o.a.j.t.JMeterThread: Thread finished: Thread Group 1-21
2019-01-19 16:56:24,138 INFO o.a.j.t.JMeterThread: Stopping: Thread Group 1-30
2019-01-19 16:56:24,139 WARN o.a.j.t.JMeterThread: Interrupting: Thread Group 1-30 sampler: HTTP Request
2019-01-19 16:56:24,139 INFO o.a.j.t.JMeterThread: Thread finished: Thread Group 1-9
2019-01-19 16:56:24,140 INFO o.a.j.t.JMeterThread: Stopping: Thread Group 1-6
2019-01-19 16:56:24,140 WARN o.a.j.t.JMeterThread: Interrupting: Thread Group 1-6 sampler: HTTP Request
2019-01-19 16:56:24,141 INFO o.a.j.t.JMeterThread: Thread finished: Thread Group 1-30
2019-01-19 16:56:24,142 INFO o.a.j.t.JMeterThread: Stopping: Thread Group 1-12
2019-01-19 16:56:24,142 WARN o.a.j.t.JMeterThread: Interrupting: Thread Group 1-12 sampler: HTTP Request
2019-01-19 16:56:24,143 INFO o.a.j.t.JMeterThread: Thread finished: Thread Group 1-6
2019-01-19 16:56:24,144 INFO o.a.j.t.JMeterThread: Thread finished: Thread Group 1-12
2019-01-19 16:56:24,145 INFO o.a.j.t.JMeterThread: Stopping: Thread Group 1-23
2019-01-19 16:56:24,145 WARN o.a.j.t.JMeterThread: Interrupting: Thread Group 1-23 sampler: HTTP Request
2019-01-19 16:56:24,146 INFO o.a.j.t.JMeterThread: Stopping: Thread Group 1-15
2019-01-19 16:56:24,146 WARN o.a.j.t.JMeterThread: Interrupting: Thread Group 1-15 sampler: HTTP Request
2019-01-19 16:56:24,147 INFO o.a.j.t.JMeterThread: Thread finished: Thread Group 1-15
2019-01-19 16:56:24,147 INFO o.a.j.t.JMeterThread: Thread finished: Thread Group 1-23
2019-01-19 16:56:24,148 INFO o.a.j.t.JMeterThread: Stopping: Thread Group 1-1
2019-01-19 16:56:24,148 WARN o.a.j.t.JMeterThread: Interrupting: Thread Group 1-1 sampler: HTTP Request
2019-01-19 16:56:24,148 INFO o.a.j.t.JMeterThread: Stopping: Thread Group 1-5
2019-01-19 16:56:24,148 WARN o.a.j.t.JMeterThread: Interrupting: Thread Group 1-5 sampler: HTTP Request
2019-01-19 16:56:24,148 INFO o.a.j.t.JMeterThread: Stopping: Thread Group 1-16
2019-01-19 16:56:24,149 WARN o.a.j.t.JMeterThread: Interrupting: Thread Group 1-16 sampler: HTTP Request
2019-01-19 16:56:24,149 INFO o.a.j.t.JMeterThread: Thread finished: Thread Group 1-1
2019-01-19 16:56:24,149 INFO o.a.j.t.JMeterThread: Stopping: Thread Group 1-14
2019-01-19 16:56:24,149 WARN o.a.j.t.JMeterThread: Interrupting: Thread Group 1-14 sampler: HTTP Request
2019-01-19 16:56:24,150 INFO o.a.j.t.JMeterThread: Thread finished: Thread Group 1-14
2019-01-19 16:56:24,151 INFO o.a.j.t.JMeterThread: Stopping: Thread Group 1-2
2019-01-19 16:56:24,152 WARN o.a.j.t.JMeterThread: Interrupting: Thread Group 1-2 sampler: HTTP Request
2019-01-19 16:56:24,152 INFO o.a.j.t.JMeterThread: Thread finished: Thread Group 1-16
2019-01-19 16:56:24,153 INFO o.a.j.t.JMeterThread: Stopping: Thread Group 1-26
2019-01-19 16:56:24,154 WARN o.a.j.t.JMeterThread: Interrupting: Thread Group 1-26 sampler: HTTP Request
2019-01-19 16:56:24,154 INFO o.a.j.t.JMeterThread: Stopping: Thread Group 1-4
2019-01-19 16:56:24,154 INFO o.a.j.t.JMeterThread: Thread finished: Thread Group 1-2
2019-01-19 16:56:24,155 INFO o.a.j.t.JMeterThread: Thread finished: Thread Group 1-26
2019-01-19 16:56:24,155 WARN o.a.j.t.JMeterThread: Interrupting: Thread Group 1-4 sampler: HTTP Request
2019-01-19 16:56:24,157 INFO o.a.j.t.JMeterThread: Thread finished: Thread Group 1-5
2019-01-19 16:56:24,157 INFO o.a.j.t.JMeterThread: Thread finished: Thread Group 1-4
2019-01-19 16:56:24,157 INFO o.a.j.e.StandardJMeterEngine: Notifying test listeners of end of test
2019-01-19 16:56:24,158 INFO o.a.j.g.u.JMeterMenuBar: setRunning(false, *local*)
